#
# There is insufficient memory for the Java Runtime Environment to continue.
# Native memory allocation (mmap) failed to map 255852544 bytes. Error detail: G1 virtual space
# Possible reasons:
#   The system is out of physical RAM or swap space
#   This process is running with CompressedOops enabled, and the Java Heap may be blocking the growth of the native heap
# Possible solutions:
#   Reduce memory load on the system
#   Increase physical memory or swap space
#   Check if swap backing store is full
#   Decrease Java heap size (-Xmx/-Xms)
#   Decrease number of Java threads
#   Decrease Java thread stack sizes (-Xss)
#   Set larger code cache with -XX:ReservedCodeCacheSize=
#   JVM is running with Zero Based Compressed Oops mode in which the Java heap is
#     placed in the first 32GB address space. The Java Heap base address is the
#     maximum limit for the native heap growth. Please use -XX:HeapBaseMinAddress
#     to set the Java Heap base and to place the Java Heap above 32GB virtual address.
# This output file may be truncated or incomplete.
#
#  Out of Memory Error (os_windows.cpp:3825), pid=15024, tid=22144
#
# JRE version:  (17.0.11) (build )
# Java VM: OpenJDK 64-Bit Server VM (17.0.11+0--11852314, mixed mode, sharing, tiered, compressed oops, compressed class ptrs, g1 gc, windows-amd64)
# No core dump will be written. Minidumps are not enabled by default on client versions of Windows
#

---------------  S U M M A R Y ------------

Command Line: org.jetbrains.kotlin.cli.jvm.K2JVMCompiler @D:\calc\app\build\20240824_11009373634445654054.compiler.options

Host: AMD Ryzen 7 6800H with Radeon Graphics         , 16 cores, 15G,  Windows 11 , 64 bit Build 22621 (10.0.22621.3235)
Time: Sat Aug 24 16:06:46 2024 Egypt Daylight Time elapsed time: 0.006826 seconds (0d 0h 0m 0s)

---------------  T H R E A D  ---------------

Current thread (0x0000014f2daecaa0):  JavaThread "Unknown thread" [_thread_in_vm, id=22144, stack(0x0000002483b00000,0x0000002483c00000)]

Stack: [0x0000002483b00000,0x0000002483c00000]
Native frames: (J=compiled Java code, j=interpreted, Vv=VM code, C=native code)
V  [jvm.dll+0x687bb9]
V  [jvm.dll+0x84142a]
V  [jvm.dll+0x8430ae]
V  [jvm.dll+0x843713]
V  [jvm.dll+0x24a35f]
V  [jvm.dll+0x684989]
V  [jvm.dll+0x67923a]
V  [jvm.dll+0x30af0b]
V  [jvm.dll+0x3123b6]
V  [jvm.dll+0x361dfe]
V  [jvm.dll+0x36202f]
V  [jvm.dll+0x2e0d38]
V  [jvm.dll+0x2e1ca4]
V  [jvm.dll+0x811f21]
V  [jvm.dll+0x36fb68]
V  [jvm.dll+0x7f0896]
V  [jvm.dll+0x3f3d2f]
V  [jvm.dll+0x3f58e1]
C  [jli.dll+0x528f]
C  [ucrtbase.dll+0x29363]
C  [KERNEL32.DLL+0x1257d]
C  [ntdll.dll+0x5aa58]


---------------  P R O C E S S  ---------------

Threads class SMR info:
_java_thread_list=0x00007ffcd615efd8, length=0, elements={
}

Java Threads: ( => current thread )

Other Threads:
  0x0000014f2db57310 GCTaskThread "GC Thread#0" [stack: 0x0000002483c00000,0x0000002483d00000] [id=24472]
  0x0000014f2db67660 ConcurrentGCThread "G1 Main Marker" [stack: 0x0000002483d00000,0x0000002483e00000] [id=16356]
  0x0000014f2db68820 ConcurrentGCThread "G1 Conc#0" [stack: 0x0000002483e00000,0x0000002483f00000] [id=16808]

[error occurred during error reporting (printing all threads), id 0xc0000005, EXCEPTION_ACCESS_VIOLATION (0xc0000005) at pc=0x00007ffcd5911907]

VM state: not at safepoint (not fully initialized)

VM Mutex/Monitor currently owned by a thread:  ([mutex/lock_event])
[0x0000014f2dae7e80] Heap_lock - owner thread: 0x0000014f2daecaa0

Heap address: 0x000000070c000000, size: 3904 MB, Compressed Oops mode: Zero based, Oop shift amount: 3

CDS archive(s) mapped at: [0x0000000000000000-0x0000000000000000-0x0000000000000000), size 0, SharedBaseAddress: 0x0000000800000000, ArchiveRelocationMode: 1.
Narrow klass base: 0x0000000000000000, Narrow klass shift: 0, Narrow klass range: 0x0

GC Precious Log:
<Empty>

Heap:
 garbage-first heap   total 0K, used 0K [0x000000070c000000, 0x0000000800000000)
  region size 2048K, 0 young (0K), 0 survivors (0K)
 Metaspace       used 0K, committed 0K, reserved 0K
  class space    used 0K, committed 0K, reserved 0K

Heap Regions: E=young(eden), S=young(survivor), O=old, HS=humongous(starts), HC=humongous(continues), CS=collection set, F=free, OA=open archive, CA=closed archive, TAMS=top-at-mark-start (previous, next)

Card table byte_map: [0x0000014f40fe0000,0x0000014f41780000] _byte_map_base: 0x0000014f3d780000

Marking Bits (Prev, Next): (CMBitMap*) 0x0000014f2db57930, (CMBitMap*) 0x0000014f2db57970
 Prev Bits: [0x0000014f41f20000, 0x0000014f45c20000)
 Next Bits: [0x0000014f45c20000, 0x0000014f49920000)

GC Heap History (0 events):
No events

Dll operation events (1 events):
Event: 0.004 Loaded shared library C:\Program Files\Android\Android Studio\jbr\bin\java.dll

Deoptimization events (0 events):
No events

Classes unloaded (0 events):
No events

Classes redefined (0 events):
No events

Internal exceptions (0 events):
No events

VM Operations (0 events):
No events

Events (0 events):
No events


Dynamic libraries:
0x00007ff7f5870000 - 0x00007ff7f587a000 	C:\Program Files\Android\Android Studio\jbr\bin\java.exe
0x00007ffd29d30000 - 0x00007ffd29f46000 	C:\WINDOWS\SYSTEM32\ntdll.dll
0x00007ffd28800000 - 0x00007ffd288c4000 	C:\WINDOWS\System32\KERNEL32.DLL
0x00007ffd27070000 - 0x00007ffd27416000 	C:\WINDOWS\System32\KERNELBASE.dll
0x00007ffd275c0000 - 0x00007ffd276d1000 	C:\WINDOWS\System32\ucrtbase.dll
0x00007ffd1b300000 - 0x00007ffd1b31b000 	C:\Program Files\Android\Android Studio\jbr\bin\VCRUNTIME140.dll
0x00007ffd0ca90000 - 0x00007ffd0caa7000 	C:\Program Files\Android\Android Studio\jbr\bin\jli.dll
0x00007ffd28e50000 - 0x00007ffd28ffd000 	C:\WINDOWS\System32\USER32.dll
0x00007ffd27750000 - 0x00007ffd27776000 	C:\WINDOWS\System32\win32u.dll
0x00007ffd1f9b0000 - 0x00007ffd1fc43000 	C:\WINDOWS\WinSxS\amd64_microsoft.windows.common-controls_6595b64144ccf1df_6.0.22621.3235_none_270f74e173860f98\COMCTL32.dll
0x00007ffd28330000 - 0x00007ffd28359000 	C:\WINDOWS\System32\GDI32.dll
0x00007ffd28380000 - 0x00007ffd28427000 	C:\WINDOWS\System32\msvcrt.dll
0x00007ffd278c0000 - 0x00007ffd279d8000 	C:\WINDOWS\System32\gdi32full.dll
0x00007ffd279e0000 - 0x00007ffd27a7a000 	C:\WINDOWS\System32\msvcp_win.dll
0x00007ffd27a90000 - 0x00007ffd27ac1000 	C:\WINDOWS\System32\IMM32.DLL
0x00007ffd22950000 - 0x00007ffd2295c000 	C:\Program Files\Android\Android Studio\jbr\bin\vcruntime140_1.dll
0x00007ffd0a6d0000 - 0x00007ffd0a75d000 	C:\Program Files\Android\Android Studio\jbr\bin\msvcp140.dll
0x00007ffcd5620000 - 0x00007ffcd62a3000 	C:\Program Files\Android\Android Studio\jbr\bin\server\jvm.dll
0x00007ffd29480000 - 0x00007ffd29532000 	C:\WINDOWS\System32\ADVAPI32.dll
0x00007ffd28d10000 - 0x00007ffd28db8000 	C:\WINDOWS\System32\sechost.dll
0x00007ffd27590000 - 0x00007ffd275b8000 	C:\WINDOWS\System32\bcrypt.dll
0x00007ffd288d0000 - 0x00007ffd289e5000 	C:\WINDOWS\System32\RPCRT4.dll
0x00007ffd25f00000 - 0x00007ffd25f4d000 	C:\WINDOWS\SYSTEM32\POWRPROF.dll
0x00007ffd229e0000 - 0x00007ffd229e9000 	C:\WINDOWS\SYSTEM32\WSOCK32.dll
0x00007ffd1bd50000 - 0x00007ffd1bd84000 	C:\WINDOWS\SYSTEM32\WINMM.dll
0x00007ffd1c610000 - 0x00007ffd1c61a000 	C:\WINDOWS\SYSTEM32\VERSION.dll
0x00007ffd28dc0000 - 0x00007ffd28e31000 	C:\WINDOWS\System32\WS2_32.dll
0x00007ffd25ee0000 - 0x00007ffd25ef3000 	C:\WINDOWS\SYSTEM32\UMPDC.dll
0x00007ffd261a0000 - 0x00007ffd261b8000 	C:\WINDOWS\SYSTEM32\kernel.appcore.dll
0x00007ffd22940000 - 0x00007ffd2294a000 	C:\Program Files\Android\Android Studio\jbr\bin\jimage.dll
0x00007ffd1c060000 - 0x00007ffd1c293000 	C:\WINDOWS\SYSTEM32\DBGHELP.DLL
0x00007ffd29950000 - 0x00007ffd29cd8000 	C:\WINDOWS\System32\combase.dll
0x00007ffd28c10000 - 0x00007ffd28ce7000 	C:\WINDOWS\System32\OLEAUT32.dll
0x00007ffd1bf80000 - 0x00007ffd1bfb2000 	C:\WINDOWS\SYSTEM32\dbgcore.DLL
0x00007ffd27780000 - 0x00007ffd277fa000 	C:\WINDOWS\System32\bcryptPrimitives.dll
0x00007ffd1df80000 - 0x00007ffd1dfa5000 	C:\Program Files\Android\Android Studio\jbr\bin\java.dll

dbghelp: loaded successfully - version: 4.0.5 - missing functions: none
symbol engine: initialized successfully - sym options: 0x614 - pdb path: .;C:\Program Files\Android\Android Studio\jbr\bin;C:\WINDOWS\SYSTEM32;C:\WINDOWS\WinSxS\amd64_microsoft.windows.common-controls_6595b64144ccf1df_6.0.22621.3235_none_270f74e173860f98;C:\Program Files\Android\Android Studio\jbr\bin\server

VM Arguments:
java_command: org.jetbrains.kotlin.cli.jvm.K2JVMCompiler @D:\calc\app\build\20240824_11009373634445654054.compiler.options
java_class_path (initial): C:\Users\Ahmed Hady\.gradle\caches\modules-2\files-2.1\org.jetbrains.kotlin\kotlin-compiler-embeddable\1.9.0\2c8c3a7402becca891f12739b3e9fd2dc2adbd7a\kotlin-compiler-embeddable-1.9.0.jar;C:\Users\Ahmed Hady\.gradle\caches\modules-2\files-2.1\org.jetbrains.kotlin\kotlin-stdlib\1.9.0\8ee15ef0c67dc83d874f412d84378d7f0eb50b63\kotlin-stdlib-1.9.0.jar;C:\Users\Ahmed Hady\.gradle\caches\modules-2\files-2.1\org.jetbrains.kotlin\kotlin-script-runtime\1.9.0\4b3102cbbb7e1b58d9d1adf89563f00069ffa7d1\kotlin-script-runtime-1.9.0.jar;C:\Users\Ahmed Hady\.gradle\caches\modules-2\files-2.1\org.jetbrains.kotlin\kotlin-reflect\1.6.10\1cbe9c92c12a94eea200d23c2bbaedaf3daf5132\kotlin-reflect-1.6.10.jar;C:\Users\Ahmed Hady\.gradle\caches\modules-2\files-2.1\org.jetbrains.kotlin\kotlin-daemon-embeddable\1.9.0\186543f5e28cf8d9a0290fecc2cf34301c40a65c\kotlin-daemon-embeddable-1.9.0.jar;C:\Users\Ahmed Hady\.gradle\caches\modules-2\files-2.1\org.jetbrains.intellij.deps\trove4j\1.0.20200330\3afb14d5f9ceb459d724e907a21145e8ff394f02\trove4j-1.0.20200330.jar;C:\Users\Ahmed Hady\.gradle\caches\modules-2\files-2.1\org.jetbrains.kotlin\kotlin-stdlib-common\1.9.0\cd65c21cfd1eec4d44ef09f9f52b6d9f8a720636\kotlin-stdlib-common-1.9.0.jar;C:\Users\Ahmed Hady\.gradle\caches\modules-2\files-2.1\org.jetbrains\annotations\13.0\919f0dfe192fb4e063e7dacadee7f8bb9a2672a9\annotations-13.0.jar
Launcher Type: SUN_STANDARD

[Global flags]
     intx CICompilerCount                          = 12                                        {product} {ergonomic}
     uint ConcGCThreads                            = 3                                         {product} {ergonomic}
     uint G1ConcRefinementThreads                  = 13                                        {product} {ergonomic}
   size_t G1HeapRegionSize                         = 2097152                                   {product} {ergonomic}
    uintx GCDrainStackTargetSize                   = 64                                        {product} {ergonomic}
   size_t InitialHeapSize                          = 255852544                                 {product} {ergonomic}
   size_t MarkStackSize                            = 4194304                                   {product} {ergonomic}
   size_t MaxHeapSize                              = 4093640704                                {product} {ergonomic}
   size_t MinHeapDeltaBytes                        = 2097152                                   {product} {ergonomic}
   size_t MinHeapSize                              = 8388608                                   {product} {ergonomic}
    uintx NonNMethodCodeHeapSize                   = 7602480                                {pd product} {ergonomic}
    uintx NonProfiledCodeHeapSize                  = 122027880                              {pd product} {ergonomic}
    uintx ProfiledCodeHeapSize                     = 122027880                              {pd product} {ergonomic}
    uintx ReservedCodeCacheSize                    = 251658240                              {pd product} {ergonomic}
     bool SegmentedCodeCache                       = true                                      {product} {ergonomic}
   size_t SoftMaxHeapSize                          = 4093640704                             {manageable} {ergonomic}
     bool UseCompressedClassPointers               = true                           {product lp64_product} {ergonomic}
     bool UseCompressedOops                        = true                           {product lp64_product} {ergonomic}
     bool UseG1GC                                  = true                                      {product} {ergonomic}
     bool UseLargePagesIndividualAllocation        = false                                  {pd product} {ergonomic}

Logging:
Log output configuration:
 #0: stdout all=warning uptime,level,tags
 #1: stderr all=off uptime,level,tags

Environment Variables:
PATH=C:\Program Files\Common Files\Oracle\Java\javapath;C:\Program Files (x86)\Common Files\Oracle\Java\java8path;C:\Program Files (x86)\Common Files\Oracle\Java\javapath;C:\Program Files (x86)\Common Files\Intel\Shared Libraries\redist\intel64\compiler;C:\ProgramData\Oracle\Java\javapath;C:\Windows\system32;C:\Windows;C:\Windows\System32\Wbem;C:\Windows\System32\WindowsPowerShell\v1.0\;C:\Windows\System32\OpenSSH\;C:\Program Files (x86)\NVIDIA Corporation\PhysX\Common;C:\WINDOWS\system32;C:\WINDOWS;C:\WINDOWS\System32\Wbem;C:\WINDOWS\System32\WindowsPowerShell\v1.0\;C:\WINDOWS\System32\OpenSSH\;C:\msys64\mingw64\bin;C:\Program Files\Microsoft SQL Server\150\Tools\Binn\;C:\Program Files\Microsoft SQL Server\Client SDK\ODBC\170\Tools\Binn\;C:\Program Files\dotnet\;C:\Program Files (x86)\Microsoft SQL Server\160\Tools\Binn\;C:\Program Files\Microsoft SQL Server\160\Tools\Binn\;C:\Program Files\Microsoft SQL Server\160\DTS\Binn\;C:\Program Files\Azure Data Studio\bin;C:\MinGW\bin;C:\Program Files (x86)\Microsoft SQL Server\160\DTS\Binn\;C:\Program Files\NVIDIA Corporation\NVIDIA app\NvDLISR;D:\apache-maven-3.8.8\bin;C:\Program Files\MySQL\MySQL Shell 8.0\bin\;C:\Users\Ahmed Hady\AppData\Local\Microsoft\WindowsApps;C:\Users\Ahmed Hady\AppData\Local\Programs\Microsoft VS Code\bin;C:\Users\Ahmed Hady\.dotnet\tools;C:\Users\Ahmed Hady\AppData\Local\GitHubDesktop\bin;C:\Program Files\Azure Data Studio\bin;C:\MinGW\bin;C:\SFML-2.6.1\bin;C:\Users\Ahmed Hady\AppData\Local\Muse Hub\lib
USERNAME=Ahmed Hady
OS=Windows_NT
PROCESSOR_IDENTIFIER=AMD64 Family 25 Model 68 Stepping 1, AuthenticAMD
TMP=C:\Users\AHMEDH~1\AppData\Local\Temp
TEMP=C:\Users\AHMEDH~1\AppData\Local\Temp



Periodic native trim disabled

JNI global refs:
JNI global refs: 0, weak refs: 0

JNI global refs memory usage: 0, weak refs: 0

Process memory usage:
Resident Set Size: 12204K (0% of 15987812K total physical memory with 894760K free physical memory)

OOME stack traces (most recent first):
Classloader memory used:


---------------  S Y S T E M  ---------------

OS:
 Windows 11 , 64 bit Build 22621 (10.0.22621.3235)
OS uptime: 0 days 16:22 hours

CPU: total 16 (initial active 16) (16 cores per cpu, 2 threads per core) family 25 model 68 stepping 1 microcode 0x0, cx8, cmov, fxsr, ht, mmx, 3dnowpref, sse, sse2, sse3, ssse3, sse4a, sse4.1, sse4.2, popcnt, lzcnt, tsc, tscinvbit, avx, avx2, aes, clmul, bmi1, bmi2, adx, sha, fma, vzeroupper, clflush, clflushopt
Processor Information for all 16 processors :
  Max Mhz: 3201, Current Mhz: 3201, Mhz Limit: 3201

Memory: 4k page, system-wide physical 15613M (873M free)
TotalPageFile size 25853M (AvailPageFile size 192M)
current process WorkingSet (physical memory assigned to process): 11M, peak: 11M
current process commit charge ("private bytes"): 70M, peak: 314M

vm_info: OpenJDK 64-Bit Server VM (17.0.11+0--11852314) for windows-amd64 JRE (17.0.11+0--11852314), built on May 16 2024 21:29:20 by "androidbuild" with MS VC++ 16.10 / 16.11 (VS2019)

END.
